\BOOKMARK [0][-]{chapter.1}{\376\377\000I\000n\000t\000r\000o\000d\000u\000c\000t\000i\000o\000n}{}% 1
\BOOKMARK [1][-]{section.1.1}{\376\377\000P\000u\000r\000p\000o\000s\000e}{chapter.1}% 2
\BOOKMARK [0][-]{chapter.2}{\376\377\000G\000e\000t\000t\000i\000n\000g\000\040\000S\000t\000a\000r\000t\000e\000d}{}% 3
\BOOKMARK [1][-]{section.2.1}{\376\377\000H\000o\000w\000\040\000t\000o\000\040\000u\000s\000e\000\040\000i\000t}{chapter.2}% 4
\BOOKMARK [2][-]{subsection.2.1.1}{\376\377\000D\000a\000t\000a\000\040\000s\000t\000r\000u\000c\000t\000u\000r\000e}{section.2.1}% 5
\BOOKMARK [1][-]{section.2.2}{\376\377\000N\000a\000v\000i\000g\000a\000t\000i\000o\000n\000\040\000a\000n\000d\000\040\000O\000p\000t\000i\000o\000n\000s}{chapter.2}% 6
\BOOKMARK [0][-]{chapter.3}{\376\377\000S\000t\000r\000u\000c\000t\000u\000r\000e}{}% 7
\BOOKMARK [1][-]{section.3.1}{\376\377\000P\000a\000c\000k\000a\000g\000e\000s\000\040\000a\000n\000d\000\040\000C\000l\000a\000s\000s\000e\000s}{chapter.3}% 8
\BOOKMARK [1][-]{section.3.2}{\376\377\000E\000x\000t\000e\000n\000s\000i\000b\000i\000l\000i\000t\000y}{chapter.3}% 9
\BOOKMARK [0][-]{chapter.4}{\376\377\000M\000o\000d\000u\000l\000e\000s}{}% 10
\BOOKMARK [1][-]{section.4.1}{\376\377\000C\000o\000r\000p\000u\000s\000H\000a\000n\000d\000l\000i\000n\000g\000M\000o\000d\000u\000l\000e}{chapter.4}% 11
\BOOKMARK [2][-]{subsection.4.1.1}{\376\377\000G\000e\000n\000e\000r\000a\000l\000\040\000A\000t\000t\000r\000i\000b\000u\000t\000e\000s}{section.4.1}% 12
\BOOKMARK [2][-]{subsection.4.1.2}{\376\377\000C\000o\000r\000p\000u\000s\000I\000m\000p\000o\000r\000t\000M\000o\000d\000u\000l\000e}{section.4.1}% 13
\BOOKMARK [2][-]{subsection.4.1.3}{\376\377\000S\000p\000e\000c\000i\000a\000l\000\040\000I\000m\000p\000o\000r\000t\000\040\000N\000e\000e\000d\000s}{section.4.1}% 14
\BOOKMARK [1][-]{section.4.2}{\376\377\000D\000i\000c\000t\000i\000o\000n\000a\000r\000y\000M\000o\000d\000u\000l\000e}{chapter.4}% 15
\BOOKMARK [2][-]{subsection.4.2.1}{\376\377\000C\000h\000a\000r\000a\000c\000t\000e\000r\000\040\000C\000l\000a\000s\000s\000e\000s}{section.4.2}% 16
\BOOKMARK [2][-]{subsection.4.2.2}{\376\377\000D\000i\000c\000t\000H\000a\000n\000d\000l\000e\000r}{section.4.2}% 17
\BOOKMARK [2][-]{subsection.4.2.3}{\376\377\000N\000e\000w\000\040\000D\000i\000c\000t\000i\000o\000n\000a\000r\000y}{section.4.2}% 18
\BOOKMARK [2][-]{subsection.4.2.4}{\376\377\000A\000d\000d\000i\000n\000g\000\040\000E\000x\000t\000e\000r\000n\000a\000l\000\040\000R\000e\000s\000o\000u\000r\000c\000e\000s}{section.4.2}% 19
\BOOKMARK [1][-]{section.4.3}{\376\377\000E\000v\000a\000l\000u\000a\000t\000i\000o\000n\000M\000o\000d\000u\000l\000e}{chapter.4}% 20
\BOOKMARK [2][-]{subsection.4.3.1}{\376\377\000E\000x\000p\000o\000r\000t}{section.4.3}% 21
\BOOKMARK [1][-]{section.4.4}{\376\377\000S\000e\000g\000m\000e\000n\000t\000a\000t\000i\000o\000n\000M\000o\000d\000u\000l\000e}{chapter.4}% 22
\BOOKMARK [2][-]{subsection.4.4.1}{\376\377\000S\000e\000g\000m\000e\000n\000t\000a\000t\000i\000o\000n\000\040\000M\000e\000t\000h\000o\000d\000\040\000C\000o\000l\000l\000e\000c\000t\000o\000r\000s}{section.4.4}% 23
\BOOKMARK [2][-]{subsection.4.4.2}{\376\377\000S\000e\000g\000m\000e\000n\000t\000a\000t\000i\000o\000n\000\040\000M\000e\000t\000h\000o\000d\000\040\000C\000o\000l\000l\000e\000c\000t\000o\000r\000\040\000I\000m\000p\000l\000e\000m\000e\000n\000t\000a\000t\000i\000o\000n\000s}{section.4.4}% 24
\BOOKMARK [2][-]{subsection.4.4.3}{\376\377\000S\000e\000g\000m\000e\000n\000t\000a\000t\000i\000o\000n\000\040\000M\000e\000t\000h\000o\000d\000\040\000C\000o\000l\000l\000e\000c\000t\000o\000r\000s\000\040\000f\000o\000r\000\040\000M\000a\000c\000h\000i\000n\000e\000\040\000L\000e\000a\000r\000n\000i\000n\000g}{section.4.4}% 25
\BOOKMARK [1][-]{section.4.5}{\376\377\000F\000e\000a\000t\000u\000r\000e\000S\000e\000t\000s}{chapter.4}% 26
\BOOKMARK [2][-]{subsection.4.5.1}{\376\377\000F\000e\000a\000t\000u\000r\000e\000S\000e\000t\000\040\000G\000e\000n\000e\000r\000a\000t\000o\000r\000s}{section.4.5}% 27
\BOOKMARK [2][-]{subsection.4.5.2}{\376\377\000G\000e\000n\000e\000r\000a\000t\000i\000n\000g\000\040\000a\000\040\000F\000e\000a\000t\000u\000r\000e\000S\000e\000t}{section.4.5}% 28
\BOOKMARK [1][-]{section.4.6}{\376\377\000T\000r\000a\000n\000s\000l\000i\000t\000e\000r\000a\000t\000i\000o\000n\000\040\000M\000o\000d\000u\000l\000e}{chapter.4}% 29
\BOOKMARK [1][-]{section.4.7}{\376\377\000T\000r\000a\000n\000s\000c\000r\000i\000p\000t\000i\000o\000n\000\040\000M\000o\000d\000u\000l\000e}{chapter.4}% 30
\BOOKMARK [1][-]{section.4.8}{\376\377\000P\000O\000S\000T\000a\000g\000g\000i\000n\000g\000\040\000M\000o\000d\000u\000l\000e}{chapter.4}% 31
\BOOKMARK [2][-]{subsection.4.8.1}{\376\377\000P\000O\000S\000D\000e\000f\000i\000n\000i\000t\000i\000o\000n\000\040\000F\000i\000l\000e}{section.4.8}% 32
\BOOKMARK [2][-]{subsection.4.8.2}{\376\377\000D\000i\000c\000t\000i\000o\000n\000a\000r\000y}{section.4.8}% 33
\BOOKMARK [2][-]{subsection.4.8.3}{\376\377\000I\000M\000E}{section.4.8}% 34
\BOOKMARK [1][-]{section.4.9}{\376\377\000T\000r\000a\000n\000s\000l\000a\000t\000i\000o\000n\000\040\000M\000o\000d\000u\000l\000e}{chapter.4}% 35
\BOOKMARK [2][-]{subsection.4.9.1}{\376\377\000T\000r\000a\000n\000s\000l\000a\000t\000o\000r\000\040\000C\000l\000a\000s\000s\000e\000s}{section.4.9}% 36
\BOOKMARK [1][-]{section.4.10}{\376\377\000G\000U\000I\000M\000o\000d\000u\000l\000e}{chapter.4}% 37
\BOOKMARK [2][-]{subsection.4.10.1}{\376\377\000I\000n\000t\000e\000r\000n\000a\000t\000i\000o\000n\000a\000l\000i\000z\000a\000t\000i\000o\000n}{section.4.10}% 38
\BOOKMARK [2][-]{subsection.4.10.2}{\376\377\000T\000i\000t\000l\000e\000\040\000S\000c\000r\000e\000e\000n}{section.4.10}% 39
\BOOKMARK [2][-]{subsection.4.10.3}{\376\377\000C\000o\000m\000p\000a\000r\000i\000s\000o\000n\000\040\000S\000c\000r\000e\000e\000n}{section.4.10}% 40
\BOOKMARK [2][-]{subsection.4.10.4}{\376\377\000S\000t\000a\000t\000i\000s\000t\000i\000c\000s\000\040\000S\000c\000r\000e\000e\000n}{section.4.10}% 41
\BOOKMARK [1][-]{section.4.11}{\376\377\000U\000t\000i\000l\000i\000t\000i\000e\000s}{chapter.4}% 42
\BOOKMARK [2][-]{subsection.4.11.1}{\376\377\000L\000i\000b\000r\000a\000r\000i\000e\000s}{section.4.11}% 43
\BOOKMARK [2][-]{subsection.4.11.2}{\376\377\000O\000p\000t\000i\000o\000n\000s}{section.4.11}% 44
\BOOKMARK [0][-]{chapter.5}{\376\377\000R\000e\000s\000o\000u\000r\000c\000e\000s\000\040\000a\000n\000d\000\040\000D\000a\000t\000a}{}% 45
\BOOKMARK [1][-]{section.5.1}{\376\377\000N\000a\000m\000i\000n\000g\000\040\000C\000o\000n\000v\000e\000n\000t\000i\000o\000n\000s}{chapter.5}% 46
\BOOKMARK [2][-]{subsection.5.1.1}{\376\377\000P\000r\000e\000p\000r\000o\000c\000e\000s\000s\000i\000n\000g}{section.5.1}% 47
\BOOKMARK [2][-]{subsection.5.1.2}{\376\377\000F\000e\000a\000t\000u\000r\000e\000S\000e\000t\000s}{section.5.1}% 48
\BOOKMARK [2][-]{subsection.5.1.3}{\376\377\000R\000e\000s\000u\000l\000t\000s}{section.5.1}% 49
\BOOKMARK [1][-]{section.5.2}{\376\377\000C\000o\000r\000p\000o\000r\000a\000\040\000D\000a\000t\000a}{chapter.5}% 50
\BOOKMARK [1][-]{section.5.3}{\376\377\000I\000n\000t\000e\000r\000m\000e\000d\000i\000a\000t\000e\000\040\000F\000o\000r\000m\000a\000t}{chapter.5}% 51
\BOOKMARK [1][-]{section.5.4}{\376\377\000B\000o\000u\000n\000d\000a\000r\000y\000\040\000F\000o\000r\000m\000a\000t}{chapter.5}% 52
\BOOKMARK [1][-]{section.5.5}{\376\377\000T\000a\000r\000g\000e\000t\000\040\000L\000a\000n\000g\000u\000a\000g\000e\000\040\000F\000o\000r\000m\000a\000t\000s}{chapter.5}% 53
\BOOKMARK [1][-]{section.5.6}{\376\377\000D\000i\000c\000t\000i\000o\000n\000a\000r\000y\000\040\000R\000e\000s\000o\000u\000r\000c\000e\000s}{chapter.5}% 54
\BOOKMARK [2][-]{subsection.5.6.1}{\376\377\000C\000o\000n\000t\000e\000n\000t}{section.5.6}% 55
\BOOKMARK [1][-]{section.5.7}{\376\377\000E\000x\000p\000o\000r\000t\000s}{chapter.5}% 56
\BOOKMARK [1][-]{section.5.8}{\376\377\000R\000e\000s\000u\000l\000t\000s}{chapter.5}% 57
\BOOKMARK [2][-]{subsection.5.8.1}{\376\377\000B\000o\000u\000n\000d\000a\000r\000i\000e\000s}{section.5.8}% 58
\BOOKMARK [2][-]{subsection.5.8.2}{\376\377\000E\000v\000a\000l\000u\000a\000t\000i\000o\000n}{section.5.8}% 59
\BOOKMARK [2][-]{subsection.5.8.3}{\376\377\000T\000a\000r\000g\000e\000t\000\040\000L\000a\000n\000g\000u\000a\000g\000e}{section.5.8}% 60
\BOOKMARK [2][-]{subsection.5.8.4}{\376\377\000T\000r\000a\000n\000s\000l\000i\000t\000e\000r\000a\000t\000i\000o\000n}{section.5.8}% 61
\BOOKMARK [2][-]{subsection.5.8.5}{\376\377\000T\000r\000a\000n\000s\000c\000r\000i\000p\000t\000i\000o\000n}{section.5.8}% 62
\BOOKMARK [0][-]{chapter.6}{\376\377\000U\000s\000e\000f\000u\000l\000\040\000F\000u\000t\000u\000r\000e\000\040\000I\000m\000p\000r\000o\000v\000e\000m\000e\000n\000t\000s}{}% 63
\BOOKMARK [1][-]{section.6.1}{\376\377\000S\000e\000g\000m\000e\000n\000t\000a\000t\000i\000o\000n\000M\000o\000d\000u\000l\000e}{chapter.6}% 64
\BOOKMARK [1][-]{section.6.2}{\376\377\000T\000r\000a\000n\000s\000l\000i\000t\000e\000r\000a\000t\000i\000o\000n\000M\000o\000d\000u\000l\000e}{chapter.6}% 65
\BOOKMARK [1][-]{section.6.3}{\376\377\000P\000O\000S\000T\000a\000g\000g\000i\000n\000g\000\040\000M\000o\000d\000u\000l\000e}{chapter.6}% 66
\BOOKMARK [1][-]{section.6.4}{\376\377\000T\000r\000a\000n\000s\000l\000a\000t\000i\000o\000n\000M\000o\000d\000u\000l\000e}{chapter.6}% 67
\BOOKMARK [1][-]{section.6.5}{\376\377\000I\000n\000p\000u\000t\000\040\000M\000e\000t\000h\000o\000d\000\040\000E\000n\000g\000i\000n\000e\000s}{chapter.6}% 68
\BOOKMARK [1][-]{section.6.6}{\376\377\000E\000x\000p\000o\000r\000t\000s}{chapter.6}% 69
\BOOKMARK [1][-]{section.6.7}{\376\377\000G\000U\000I\000M\000o\000d\000u\000l\000e}{chapter.6}% 70
